Created by PLY version 3.10 (http://www.dabeaz.com/ply)

Grammar

Rule 0     S' -> s
Rule 1     s -> LPAREN s RPAREN
Rule 2     s -> <empty>

Terminals, with rules where they appear

LPAREN               : 1
RPAREN               : 1
error                : 

Nonterminals, with rules where they appear

s                    : 1 0

Parsing method: LALR

state 0

    (0) S' -> . s
    (1) s -> . LPAREN s RPAREN
    (2) s -> .

    LPAREN          shift and go to state 2
    $end            reduce using rule 2 (s -> .)

    s                              shift and go to state 1

state 1

    (0) S' -> s .



state 2

    (1) s -> LPAREN . s RPAREN
    (1) s -> . LPAREN s RPAREN
    (2) s -> .

    LPAREN          shift and go to state 2
    RPAREN          reduce using rule 2 (s -> .)

    s                              shift and go to state 3

state 3

    (1) s -> LPAREN s . RPAREN

    RPAREN          shift and go to state 4


state 4

    (1) s -> LPAREN s RPAREN .

    $end            reduce using rule 1 (s -> LPAREN s RPAREN .)
    RPAREN          reduce using rule 1 (s -> LPAREN s RPAREN .)

